<?xml version="1.0" encoding="UTF-8"?>
<testng-results skipped="0" failed="0" ignored="0" total="1" passed="1">
  <reporter-output>
  </reporter-output>
  <suite name="Suite" duration-ms="4113" started-at="2019-05-09T02:59:41Z" finished-at="2019-05-09T02:59:45Z">
    <groups>
    </groups>
    <test name="Test" duration-ms="4113" started-at="2019-05-09T02:59:41Z" finished-at="2019-05-09T02:59:45Z">
      <class name="com.testNG.testCases.LoginTest">
        <test-method status="PASS" signature="login()[pri:0, instance:com.testNG.testCases.LoginTest@30c7da1e]" name="login" duration-ms="4082" started-at="2019-05-09T02:59:41Z" finished-at="2019-05-09T02:59:45Z">
          <reporter-output>
          </reporter-output>
        </test-method> <!-- login -->
      </class> <!-- com.testNG.testCases.LoginTest -->
    </test> <!-- Test -->
  </suite> <!-- Suite -->
</testng-results>
